<?xml version="1.0" encoding="UTF-8"?>
<!-- Generated by org.testng.reporters.JUnitXMLReporter -->
<testsuite ignored="0" hostname="LAPTOP-TJD64CLT" failures="0" tests="8" name="Sanity" time="82.236" errors="0" timestamp="2020-05-29T14:00:16 CDT">
  <testcase classname="BoA.Search" name="loginCredentials" time="7.504"/>
  <testcase classname="BoA.Search" name="searchField" time="3.482"/>
  <testcase classname="BoA.MouseoverAndCheckBox" name="saveOnlineID" time="2.936"/>
  <testcase classname="BoA.MouseoverAndCheckBox" name="emergencyCash" time="8.342"/>
  <testcase classname="Amazon.AmazonSearch" name="languagePreference" time="3.932"/>
  <testcase classname="Amazon.AmazonSearch" name="departmentNames" time="6.388"/>
  <testcase classname="BoA.LogoAndOpenAccount" name="openAnAccount" time="2.187"/>
  <testcase classname="BoA.LogoAndOpenAccount" name="logo" time="0.194"/>
</testsuite> <!-- Sanity -->
