<?xml version="1.0" encoding="UTF-8"?>
<!-- Generated by org.testng.reporters.JUnitXMLReporter -->
<testsuite ignored="0" hostname="LAPTOP-TJD64CLT" failures="0" tests="5" name="Details" time="68.957" errors="0" timestamp="2020-05-28T21:10:25 CDT">
  <testcase classname="BoK.Login" name="loginCredentials" time="10.494"/>
  <testcase classname="BoK.Login" name="searchField" time="5.763"/>
  <testcase classname="BoK.Details" name="CustomerCreateLogin" time="3.437"/>
  <testcase classname="BoK.Details" name="logo" time="0.222"/>
  <testcase classname="BoK.downloadTheApp" name="download" time="8.784"/>
</testsuite> <!-- Details -->
